<?xml version="1.0" encoding="UTF-8"?>
<testng-results skipped="0" failed="0" ignored="0" total="2" passed="2">
  <reporter-output>
  </reporter-output>
  <suite name="All Suite" duration-ms="23926" started-at="2023-01-18T15:25:23Z" finished-at="2023-01-18T15:25:47Z">
    <groups>
    </groups>
    <test name="Google Test" duration-ms="15026" started-at="2023-01-18T15:25:23Z" finished-at="2023-01-18T15:25:38Z">
      <class name="googleTest.GoogleTest">
        <test-method status="PASS" signature="verifyGoogleTest()[pri:0, instance:googleTest.GoogleTest@617faa95]" name="verifyGoogleTest" duration-ms="14955" started-at="2023-01-18T20:55:23Z" finished-at="2023-01-18T20:55:38Z">
          <reporter-output>
          </reporter-output>
        </test-method> <!-- verifyGoogleTest -->
      </class> <!-- googleTest.GoogleTest -->
    </test> <!-- Google Test -->
    <test name="Bing Test" duration-ms="8770" started-at="2023-01-18T15:25:39Z" finished-at="2023-01-18T15:25:47Z">
      <class name="bingTest.BingTest">
        <test-method status="PASS" signature="verifyBingTest()[pri:0, instance:bingTest.BingTest@335eadca]" name="verifyBingTest" duration-ms="8761" started-at="2023-01-18T20:55:39Z" finished-at="2023-01-18T20:55:47Z">
          <reporter-output>
          </reporter-output>
        </test-method> <!-- verifyBingTest -->
      </class> <!-- bingTest.BingTest -->
    </test> <!-- Bing Test -->
  </suite> <!-- All Suite -->
</testng-results>
